0 info it worked if it ends with ok
1 verbose cli [ '/Users/mattcale/.nvm/versions/node/v6.3.1/bin/node',
1 verbose cli   '/Users/mattcale/.nvm/versions/node/v6.3.1/bin/npm',
1 verbose cli   'publish' ]
2 info using npm@3.10.3
3 info using node@v6.3.1
4 verbose publish [ '.' ]
5 silly cache add args [ '.', null ]
6 verbose cache add spec .
7 silly cache add parsed spec Result {
7 silly cache add   raw: '.',
7 silly cache add   scope: null,
7 silly cache add   escapedName: null,
7 silly cache add   name: null,
7 silly cache add   rawSpec: '.',
7 silly cache add   spec: '/Users/mattcale/Desktop/generator-react-2017',
7 silly cache add   type: 'directory' }
8 verbose addLocalDirectory /Users/mattcale/.npm/generator-react-2017/1.0.0/package.tgz not in flight; packing
9 verbose correctMkdir /Users/mattcale/.npm correctMkdir not in flight; initializing
10 info lifecycle generator-react-2017@1.0.0~prepublish: generator-react-2017@1.0.0
11 silly lifecycle generator-react-2017@1.0.0~prepublish: no script for prepublish, continuing
12 verbose tar pack [ '/Users/mattcale/.npm/generator-react-2017/1.0.0/package.tgz',
12 verbose tar pack   '/Users/mattcale/Desktop/generator-react-2017' ]
13 verbose tarball /Users/mattcale/.npm/generator-react-2017/1.0.0/package.tgz
14 verbose folder /Users/mattcale/Desktop/generator-react-2017
15 verbose addLocalTarball adding from inside cache /Users/mattcale/.npm/generator-react-2017/1.0.0/package.tgz
16 verbose correctMkdir /Users/mattcale/.npm correctMkdir not in flight; initializing
17 silly cache afterAdd generator-react-2017@1.0.0
18 verbose afterAdd /Users/mattcale/.npm/generator-react-2017/1.0.0/package/package.json not in flight; writing
19 verbose correctMkdir /Users/mattcale/.npm correctMkdir not in flight; initializing
20 verbose afterAdd /Users/mattcale/.npm/generator-react-2017/1.0.0/package/package.json written
21 silly publish { name: 'generator-react-2017',
21 silly publish   version: '1.0.0',
21 silly publish   description: 'Do you wanna play with React.js? Is it 2017 or did you really like 2017? If the answers to these questions is yes you\'re in the right place.',
21 silly publish   main: 'index.js',
21 silly publish   scripts: { test: 'echo "Error: no test specified" && exit 1' },
21 silly publish   keywords: [ 'yeoman-generator' ],
21 silly publish   dependencies: { 'yeoman-generator': '^1.0.0' },
21 silly publish   author: '',
21 silly publish   license: 'ISC',
21 silly publish   devDependencies: { chalk: '^1.1.3' },
21 silly publish   readme: '# generator-react-2017\nDo you wanna play with React.js? Is it 2017 or did you really like 2017? If the answers to these questions is yes you\'re in the right place. \n\n![totally awesome pic](https://github.com/mattc41190/generator-react-2017/blob/master/gifs/advTime.gif)\n\n# How To Get It Done\n\n1. `npm i -g yo`\n2. `mkdir dope-app && cd dope-app`\n3. `yo react-2017`\n4. `npm start`\n',
21 silly publish   readmeFilename: 'README.md',
21 silly publish   gitHead: 'ee3586093746161857e5884a170387e3f640f82d',
21 silly publish   _id: 'generator-react-2017@1.0.0',
21 silly publish   _shasum: '3f94bd50fddd17d4490c1c3cf882fbf19963a95e',
21 silly publish   _from: '.' }
22 verbose getPublishConfig undefined
23 silly mapToRegistry name generator-react-2017
24 silly mapToRegistry using default registry
25 silly mapToRegistry registry https://registry.npmjs.org/
26 silly mapToRegistry data Result {
26 silly mapToRegistry   raw: 'generator-react-2017',
26 silly mapToRegistry   scope: null,
26 silly mapToRegistry   escapedName: 'generator-react-2017',
26 silly mapToRegistry   name: 'generator-react-2017',
26 silly mapToRegistry   rawSpec: '',
26 silly mapToRegistry   spec: 'latest',
26 silly mapToRegistry   type: 'tag' }
27 silly mapToRegistry uri https://registry.npmjs.org/generator-react-2017
28 verbose publish registryBase https://registry.npmjs.org/
29 silly publish uploading /Users/mattcale/.npm/generator-react-2017/1.0.0/package.tgz
30 verbose request uri https://registry.npmjs.org/generator-react-2017
31 verbose request sending authorization for write operation
32 info attempt registry request try #1 at 9:38:49 AM
33 verbose request using bearer token for auth
34 verbose request id 6f913a5c52c215bb
35 http request PUT https://registry.npmjs.org/generator-react-2017
36 http 403 https://registry.npmjs.org/generator-react-2017
37 verbose headers { 'content-type': 'application/json',
37 verbose headers   'cache-control': 'max-age=300',
37 verbose headers   'content-length': '95',
37 verbose headers   'accept-ranges': 'bytes',
37 verbose headers   date: 'Wed, 10 May 2017 14:38:55 GMT',
37 verbose headers   via: '1.1 varnish',
37 verbose headers   connection: 'keep-alive',
37 verbose headers   'x-served-by': 'cache-dfw1830-DFW',
37 verbose headers   'x-cache': 'MISS',
37 verbose headers   'x-cache-hits': '0',
37 verbose headers   'x-timer': 'S1494427131.861407,VS0,VE4309',
37 verbose headers   vary: 'Accept-Encoding' }
38 verbose request invalidating /Users/mattcale/.npm/registry.npmjs.org/generator-react-2017 on PUT
39 error publish Failed PUT 403
40 verbose stack Error: "You cannot publish over the previously published version 1.0.0." : generator-react-2017
40 verbose stack     at makeError (/Users/mattcale/.nvm/versions/node/v6.3.1/lib/node_modules/npm/node_modules/npm-registry-client/lib/request.js:264:12)
40 verbose stack     at CachingRegistryClient.<anonymous> (/Users/mattcale/.nvm/versions/node/v6.3.1/lib/node_modules/npm/node_modules/npm-registry-client/lib/request.js:252:14)
40 verbose stack     at Request._callback (/Users/mattcale/.nvm/versions/node/v6.3.1/lib/node_modules/npm/node_modules/npm-registry-client/lib/request.js:172:14)
40 verbose stack     at Request.self.callback (/Users/mattcale/.nvm/versions/node/v6.3.1/lib/node_modules/npm/node_modules/request/request.js:200:22)
40 verbose stack     at emitTwo (events.js:106:13)
40 verbose stack     at Request.emit (events.js:191:7)
40 verbose stack     at Request.<anonymous> (/Users/mattcale/.nvm/versions/node/v6.3.1/lib/node_modules/npm/node_modules/request/request.js:1067:10)
40 verbose stack     at emitOne (events.js:101:20)
40 verbose stack     at Request.emit (events.js:188:7)
40 verbose stack     at IncomingMessage.<anonymous> (/Users/mattcale/.nvm/versions/node/v6.3.1/lib/node_modules/npm/node_modules/request/request.js:988:12)
41 verbose statusCode 403
42 verbose pkgid generator-react-2017
43 verbose cwd /Users/mattcale/Desktop/generator-react-2017
44 error Darwin 14.5.0
45 error argv "/Users/mattcale/.nvm/versions/node/v6.3.1/bin/node" "/Users/mattcale/.nvm/versions/node/v6.3.1/bin/npm" "publish"
46 error node v6.3.1
47 error npm  v3.10.3
48 error code E403
49 error "You cannot publish over the previously published version 1.0.0." : generator-react-2017
50 error If you need help, you may report this error at:
50 error     <https://github.com/npm/npm/issues>
51 verbose exit [ 1, true ]
